#
# There is insufficient memory for the Java Runtime Environment to continue.
# Native memory allocation (malloc) failed to allocate 131088 bytes for Chunk::new
# Possible reasons:
#   The system is out of physical RAM or swap space
#   In 32 bit mode, the process size limit was hit
# Possible solutions:
#   Reduce memory load on the system
#   Increase physical memory or swap space
#   Check if swap backing store is full
#   Use 64 bit Java on a 64 bit OS
#   Decrease Java heap size (-Xmx/-Xms)
#   Decrease number of Java threads
#   Decrease Java thread stack sizes (-Xss)
#   Set larger code cache with -XX:ReservedCodeCacheSize=
# This output file may be truncated or incomplete.
#
#  Out of Memory Error (allocation.cpp:390), pid=19148, tid=0x0000000000004868
#
# JRE version: OpenJDK Runtime Environment (8.0_152-b01) (build 1.8.0_152-release-915-b01)
# Java VM: OpenJDK 64-Bit Server VM (25.152-b01 mixed mode windows-amd64 compressed oops)
# Failed to write core dump. Minidumps are not enabled by default on client versions of Windows
#

---------------  T H R E A D  ---------------

Current thread (0x0000000056985800):  JavaThread "C2 CompilerThread1" daemon [_thread_in_native, id=18536, stack(0x0000000057390000,0x0000000057490000)]

Stack: [0x0000000057390000,0x0000000057490000]
[error occurred during error reporting (printing stack bounds), id 0xc0000005]

Native frames: (J=compiled Java code, j=interpreted, Vv=VM code, C=native code)


Current CompileTask:
C2:1893247 10172       4       org.gradle.api.internal.project.taskfactory.DefaultTaskClassValidatorExtractor::mergeDeclaredAnnotations (190 bytes)


---------------  P R O C E S S  ---------------

Java Threads: ( => current thread )
  0x000000005c1fc000 JavaThread "build operations Thread 4" [_thread_blocked, id=40072, stack(0x000000005a370000,0x000000005a470000)]
  0x000000005c1fb000 JavaThread "build operations Thread 3" [_thread_blocked, id=40068, stack(0x000000005b580000,0x000000005b680000)]
  0x000000005c1f8000 JavaThread "build operations Thread 2" [_thread_blocked, id=40064, stack(0x000000005f930000,0x000000005fa30000)]
  0x000000005c1f6000 JavaThread "build operations" [_thread_blocked, id=40060, stack(0x00000000599a0000,0x0000000059aa0000)]
  0x000000005c1f6800 JavaThread "Cache worker for Artifact transforms cache (C:\Users\Seil\.gradle\caches\transforms-1)" [_thread_blocked, id=40036, stack(0x000000005dc20000,0x000000005dd20000)]
  0x000000005c1f9000 JavaThread "Cache worker for file hash cache (C:\Users\Seil\Downloads\AndroidStudioProjects\TPPracticing\.gradle\4.1\fileHashes)" [_thread_blocked, id=39976, stack(0x000000005c8b0000,0x000000005c9b0000)]
  0x000000005c1ef000 JavaThread "Stdin handler" [_thread_blocked, id=39948, stack(0x000000005a010000,0x000000005a110000)]
  0x000000005c1f7800 JavaThread "Asynchronous log dispatcher for DefaultDaemonConnection: socket connection from /127.0.0.1:8796 to /127.0.0.1:1697" [_thread_blocked, id=39940, stack(0x0000000059ec0000,0x0000000059fc0000)]
  0x000000005c1f9800 JavaThread "Daemon worker Thread 3" [_thread_in_vm, id=39868, stack(0x0000000059dc0000,0x0000000059ec0000)]
  0x000000005c1f0800 JavaThread "Cancel handler" [_thread_blocked, id=39876, stack(0x0000000057ee0000,0x0000000057fe0000)]
  0x000000005c1f3000 JavaThread "Handler for socket connection from /127.0.0.1:8796 to /127.0.0.1:1697" [_thread_in_native, id=39236, stack(0x0000000059420000,0x0000000059520000)]
  0x000000005c1f3800 JavaThread "Daemon Thread 3" [_thread_blocked, id=39284, stack(0x0000000059840000,0x0000000059940000)]
  0x000000005c1f5000 JavaThread "Memory manager" [_thread_blocked, id=2256, stack(0x0000000060190000,0x0000000060290000)]
  0x0000000058874800 JavaThread "File lock request listener" [_thread_in_native, id=19480, stack(0x000000005a490000,0x000000005a590000)]
  0x0000000058aef800 JavaThread "Cache worker for file hash cache (C:\Users\Seil\.gradle\caches\4.1\fileHashes)" [_thread_blocked, id=16524, stack(0x00000000574a0000,0x00000000575a0000)]
  0x0000000058732000 JavaThread "Daemon periodic checks" [_thread_blocked, id=19888, stack(0x0000000059650000,0x0000000059750000)]
  0x00000000586b1000 JavaThread "Incoming local TCP Connector on port 8796" [_thread_in_native, id=15500, stack(0x0000000059520000,0x0000000059620000)]
  0x00000000569fa800 JavaThread "Service Thread" daemon [_thread_blocked, id=19740, stack(0x0000000057250000,0x0000000057350000)]
  0x000000005699d000 JavaThread "C1 CompilerThread2" daemon [_thread_in_vm, id=19896, stack(0x0000000056550000,0x0000000056650000)]
=>0x0000000056985800 JavaThread "C2 CompilerThread1" daemon [_thread_in_native, id=18536, stack(0x0000000057390000,0x0000000057490000)]
  0x000000005697e000 JavaThread "C2 CompilerThread0" daemon [_thread_in_native, id=12248, stack(0x0000000057150000,0x0000000057250000)]
  0x000000005526e000 JavaThread "Attach Listener" daemon [_thread_blocked, id=16476, stack(0x0000000056f90000,0x0000000057090000)]
  0x0000000055260800 JavaThread "Signal Dispatcher" daemon [_thread_blocked, id=18924, stack(0x0000000056e50000,0x0000000056f50000)]
  0x0000000055248000 JavaThread "Finalizer" daemon [_thread_blocked, id=12912, stack(0x0000000056660000,0x0000000056760000)]
  0x0000000055201000 JavaThread "Reference Handler" daemon [_thread_blocked, id=18964, stack(0x00000000563c0000,0x00000000564c0000)]
  0x000000000261e800 JavaThread "main" [_thread_blocked, id=4076, stack(0x0000000002950000,0x0000000002a50000)]

Other Threads:
  0x00000000551f9800 VMThread [stack: 0x0000000056240000,0x0000000056340000] [id=19744]
  0x00000000569fc800 WatcherThread [stack: 0x00000000575a0000,0x00000000576a0000] [id=16428]

VM state:not at safepoint (normal execution)

VM Mutex/Monitor currently owned by a thread:  ([mutex/lock_event])
[0x000000000261d230] CompiledIC_lock - owner thread: 0x000000005699d000

Heap:
 PSYoungGen      total 239616K, used 3551K [0x00000000eab00000, 0x00000000fab80000, 0x0000000100000000)
  eden space 221696K, 1% used [0x00000000eab00000,0x00000000eae77e38,0x00000000f8380000)
  from space 17920K, 0% used [0x00000000f9a00000,0x00000000f9a00000,0x00000000fab80000)
  to   space 20480K, 0% used [0x00000000f8380000,0x00000000f8380000,0x00000000f9780000)
 ParOldGen       total 92160K, used 25567K [0x00000000c0000000, 0x00000000c5a00000, 0x00000000eab00000)
  object space 92160K, 27% used [0x00000000c0000000,0x00000000c18f7e78,0x00000000c5a00000)
 Metaspace       used 58346K, capacity 60504K, committed 61528K, reserved 1103872K
  class space    used 7590K, capacity 8093K, committed 8320K, reserved 1048576K

Card table byte_map: [0x0000000011e10000,0x0000000012020000] byte_map_base: 0x0000000011810000

Marking Bits: (ParMarkBitMap*) 0x000000006cd93950
 Begin Bits: [0x0000000012670000, 0x0000000013670000)
 End Bits:   [0x0000000013670000, 0x0000000014670000)

Polling page: 0x0000000000180000

CodeCache: size=245760Kb used=28643Kb max_used=28741Kb free=217116Kb
 bounds [0x0000000002a50000, 0x0000000004690000, 0x0000000011a50000]
 total_blobs=9386 nmethods=8604 adapters=693
 compilation: enabled

Compilation events (10 events):
Event: 1892.722 Thread 0x000000005699d000 10173       3       com.sun.proxy.$Proxy35::<init> (6 bytes)
Event: 1892.723 Thread 0x000000005699d000 nmethod 10173 0x0000000002ba0b90 code [0x0000000002ba0d20, 0x0000000002ba10a8]
Event: 1892.752 Thread 0x000000005697e000 10174   !   4       com.sun.proxy.$Proxy35::annotationType (29 bytes)
Event: 1892.752 Thread 0x000000005699d000 10175       3       org.gradle.api.internal.project.taskfactory.AbstractOutputPropertyAnnotationHandler::attachActions (30 bytes)
Event: 1892.753 Thread 0x000000005699d000 nmethod 10175 0x000000000357a450 code [0x000000000357a5e0, 0x000000000357aaf0]
Event: 1892.754 Thread 0x000000005697e000 nmethod 10174 0x000000000467cc50 code [0x000000000467cda0, 0x000000000467cec8]
Event: 1892.754 Thread 0x000000005699d000 10176       3       org.gradle.api.internal.project.taskfactory.AbstractOutputPropertyAnnotationHandler$1::<init> (10 bytes)
Event: 1892.754 Thread 0x000000005699d000 nmethod 10176 0x0000000002de2450 code [0x0000000002de25a0, 0x0000000002de2770]
Event: 1892.804 Thread 0x000000005699d000 10177       3       org.gradle.api.internal.file.collections.DefaultFileCollectionResolveContext::newContext (9 bytes)
Event: 1892.804 Thread 0x000000005699d000 nmethod 10177 0x0000000003427710 code [0x0000000003427880, 0x0000000003427ae8]

GC Heap History (10 events):
Event: 30.238 GC heap before
{Heap before GC invocations=16 (full 3):
 PSYoungGen      total 165376K, used 18626K [0x00000000eab00000, 0x00000000f9280000, 0x0000000100000000)
  eden space 146432K, 0% used [0x00000000eab00000,0x00000000eab00000,0x00000000f3a00000)
  from space 18944K, 98% used [0x00000000f3a00000,0x00000000f4c30858,0x00000000f4c80000)
  to   space 22016K, 0% used [0x00000000f7d00000,0x00000000f7d00000,0x00000000f9280000)
 ParOldGen       total 61440K, used 23952K [0x00000000c0000000, 0x00000000c3c00000, 0x00000000eab00000)
  object space 61440K, 38% used [0x00000000c0000000,0x00000000c17643a0,0x00000000c3c00000)
 Metaspace       used 56883K, capacity 58904K, committed 58968K, reserved 1099776K
  class space    used 7593K, capacity 8059K, committed 8064K, reserved 1048576K
Event: 30.668 GC heap after
Heap after GC invocations=16 (full 3):
 PSYoungGen      total 165376K, used 0K [0x00000000eab00000, 0x00000000f9280000, 0x0000000100000000)
  eden space 146432K, 0% used [0x00000000eab00000,0x00000000eab00000,0x00000000f3a00000)
  from space 18944K, 0% used [0x00000000f3a00000,0x00000000f3a00000,0x00000000f4c80000)
  to   space 22016K, 0% used [0x00000000f7d00000,0x00000000f7d00000,0x00000000f9280000)
 ParOldGen       total 92160K, used 32800K [0x00000000c0000000, 0x00000000c5a00000, 0x00000000eab00000)
  object space 92160K, 35% used [0x00000000c0000000,0x00000000c2008178,0x00000000c5a00000)
 Metaspace       used 56883K, capacity 58904K, committed 58968K, reserved 1099776K
  class space    used 7593K, capacity 8059K, committed 8064K, reserved 1048576K
}
Event: 196.177 GC heap before
{Heap before GC invocations=17 (full 3):
 PSYoungGen      total 165376K, used 146432K [0x00000000eab00000, 0x00000000f9280000, 0x0000000100000000)
  eden space 146432K, 100% used [0x00000000eab00000,0x00000000f3a00000,0x00000000f3a00000)
  from space 18944K, 0% used [0x00000000f3a00000,0x00000000f3a00000,0x00000000f4c80000)
  to   space 22016K, 0% used [0x00000000f7d00000,0x00000000f7d00000,0x00000000f9280000)
 ParOldGen       total 92160K, used 32800K [0x00000000c0000000, 0x00000000c5a00000, 0x00000000eab00000)
  object space 92160K, 35% used [0x00000000c0000000,0x00000000c2008178,0x00000000c5a00000)
 Metaspace       used 57837K, capacity 60204K, committed 60376K, reserved 1101824K
  class space    used 7645K, capacity 8157K, committed 8192K, reserved 1048576K
Event: 196.250 GC heap after
Heap after GC invocations=17 (full 3):
 PSYoungGen      total 195584K, used 3040K [0x00000000eab00000, 0x00000000f8880000, 0x0000000100000000)
  eden space 183808K, 0% used [0x00000000eab00000,0x00000000eab00000,0x00000000f5e80000)
  from space 11776K, 25% used [0x00000000f7d00000,0x00000000f7ff8000,0x00000000f8880000)
  to   space 21504K, 0% used [0x00000000f5e80000,0x00000000f5e80000,0x00000000f7380000)
 ParOldGen       total 92160K, used 32808K [0x00000000c0000000, 0x00000000c5a00000, 0x00000000eab00000)
  object space 92160K, 35% used [0x00000000c0000000,0x00000000c200a178,0x00000000c5a00000)
 Metaspace       used 57837K, capacity 60204K, committed 60376K, reserved 1101824K
  class space    used 7645K, capacity 8157K, committed 8192K, reserved 1048576K
}
Event: 1886.291 GC heap before
{Heap before GC invocations=18 (full 3):
 PSYoungGen      total 195584K, used 186848K [0x00000000eab00000, 0x00000000f8880000, 0x0000000100000000)
  eden space 183808K, 100% used [0x00000000eab00000,0x00000000f5e80000,0x00000000f5e80000)
  from space 11776K, 25% used [0x00000000f7d00000,0x00000000f7ff8000,0x00000000f8880000)
  to   space 21504K, 0% used [0x00000000f5e80000,0x00000000f5e80000,0x00000000f7380000)
 ParOldGen       total 92160K, used 32808K [0x00000000c0000000, 0x00000000c5a00000, 0x00000000eab00000)
  object space 92160K, 35% used [0x00000000c0000000,0x00000000c200a178,0x00000000c5a00000)
 Metaspace       used 58710K, capacity 61286K, committed 61528K, reserved 1101824K
  class space    used 7678K, capacity 8258K, committed 8320K, reserved 1048576K
Event: 1886.554 GC heap after
Heap after GC invocations=18 (full 3):
 PSYoungGen      total 205312K, used 4432K [0x00000000eab00000, 0x00000000faf00000, 0x0000000100000000)
  eden space 183808K, 0% used [0x00000000eab00000,0x00000000eab00000,0x00000000f5e80000)
  from space 21504K, 20% used [0x00000000f5e80000,0x00000000f62d4010,0x00000000f7380000)
  to   space 21504K, 0% used [0x00000000f9a00000,0x00000000f9a00000,0x00000000faf00000)
 ParOldGen       total 92160K, used 32816K [0x00000000c0000000, 0x00000000c5a00000, 0x00000000eab00000)
  object space 92160K, 35% used [0x00000000c0000000,0x00000000c200c178,0x00000000c5a00000)
 Metaspace       used 58710K, capacity 61286K, committed 61528K, reserved 1101824K
  class space    used 7678K, capacity 8258K, committed 8320K, reserved 1048576K
}
Event: 1888.290 GC heap before
{Heap before GC invocations=19 (full 3):
 PSYoungGen      total 205312K, used 67976K [0x00000000eab00000, 0x00000000faf00000, 0x0000000100000000)
  eden space 183808K, 34% used [0x00000000eab00000,0x00000000ee90e290,0x00000000f5e80000)
  from space 21504K, 20% used [0x00000000f5e80000,0x00000000f62d4010,0x00000000f7380000)
  to   space 21504K, 0% used [0x00000000f9a00000,0x00000000f9a00000,0x00000000faf00000)
 ParOldGen       total 92160K, used 32816K [0x00000000c0000000, 0x00000000c5a00000, 0x00000000eab00000)
  object space 92160K, 35% used [0x00000000c0000000,0x00000000c200c178,0x00000000c5a00000)
 Metaspace       used 58905K, capacity 61474K, committed 61528K, reserved 1103872K
  class space    used 7683K, capacity 8266K, committed 8320K, reserved 1048576K
Event: 1888.309 GC heap after
Heap after GC invocations=19 (full 3):
 PSYoungGen      total 239616K, used 4576K [0x00000000eab00000, 0x00000000fab80000, 0x0000000100000000)
  eden space 221696K, 0% used [0x00000000eab00000,0x00000000eab00000,0x00000000f8380000)
  from space 17920K, 25% used [0x00000000f9a00000,0x00000000f9e78020,0x00000000fab80000)
  to   space 20480K, 0% used [0x00000000f8380000,0x00000000f8380000,0x00000000f9780000)
 ParOldGen       total 92160K, used 32824K [0x00000000c0000000, 0x00000000c5a00000, 0x00000000eab00000)
  object space 92160K, 35% used [0x00000000c0000000,0x00000000c200e178,0x00000000c5a00000)
 Metaspace       used 58905K, capacity 61474K, committed 61528K, reserved 1103872K
  class space    used 7683K, capacity 8266K, committed 8320K, reserved 1048576K
}
Event: 1888.309 GC heap before
{Heap before GC invocations=20 (full 4):
 PSYoungGen      total 239616K, used 4576K [0x00000000eab00000, 0x00000000fab80000, 0x0000000100000000)
  eden space 221696K, 0% used [0x00000000eab00000,0x00000000eab00000,0x00000000f8380000)
  from space 17920K, 25% used [0x00000000f9a00000,0x00000000f9e78020,0x00000000fab80000)
  to   space 20480K, 0% used [0x00000000f8380000,0x00000000f8380000,0x00000000f9780000)
 ParOldGen       total 92160K, used 32824K [0x00000000c0000000, 0x00000000c5a00000, 0x00000000eab00000)
  object space 92160K, 35% used [0x00000000c0000000,0x00000000c200e178,0x00000000c5a00000)
 Metaspace       used 58905K, capacity 61474K, committed 61528K, reserved 1103872K
  class space    used 7683K, capacity 8266K, committed 8320K, reserved 1048576K
Event: 1892.701 GC heap after
Heap after GC invocations=20 (full 4):
 PSYoungGen      total 239616K, used 0K [0x00000000eab00000, 0x00000000fab80000, 0x0000000100000000)
  eden space 221696K, 0% used [0x00000000eab00000,0x00000000eab00000,0x00000000f8380000)
  from space 17920K, 0% used [0x00000000f9a00000,0x00000000f9a00000,0x00000000fab80000)
  to   space 20480K, 0% used [0x00000000f8380000,0x00000000f8380000,0x00000000f9780000)
 ParOldGen       total 92160K, used 25567K [0x00000000c0000000, 0x00000000c5a00000, 0x00000000eab00000)
  object space 92160K, 27% used [0x00000000c0000000,0x00000000c18f7e78,0x00000000c5a00000)
 Metaspace       used 58316K, capacity 60458K, committed 61528K, reserved 1103872K
  class space    used 7586K, capacity 8086K, committed 8320K, reserved 1048576K
}

Deoptimization events (10 events):
Event: 198.274 Thread 0x000000005c1f4800 Uncommon trap: reason=array_check action=maybe_recompile pc=0x0000000004346cdc method=java.util.AbstractCollection.toArray([Ljava/lang/Object;)[Ljava/lang/Object; @ 119
Event: 1884.029 Thread 0x000000005c1f9800 Uncommon trap: reason=class_check action=maybe_recompile pc=0x000000000448aaec method=java.util.Collections$UnmodifiableMap$UnmodifiableEntrySet$UnmodifiableEntry.<init>(Ljava/util/Map$Entry;)V @ 9
Event: 1884.030 Thread 0x000000005c1f9800 Uncommon trap: reason=class_check action=maybe_recompile pc=0x000000000448aaec method=java.util.Collections$UnmodifiableMap$UnmodifiableEntrySet$UnmodifiableEntry.<init>(Ljava/util/Map$Entry;)V @ 9
Event: 1884.031 Thread 0x000000005c1f9800 Uncommon trap: reason=class_check action=maybe_recompile pc=0x000000000448aaec method=java.util.Collections$UnmodifiableMap$UnmodifiableEntrySet$UnmodifiableEntry.<init>(Ljava/util/Map$Entry;)V @ 9
Event: 1884.031 Thread 0x000000005c1f9800 Uncommon trap: reason=class_check action=maybe_recompile pc=0x000000000448aaec method=java.util.Collections$UnmodifiableMap$UnmodifiableEntrySet$UnmodifiableEntry.<init>(Ljava/util/Map$Entry;)V @ 9
Event: 1886.555 Thread 0x000000005c1f9800 Uncommon trap: reason=null_check action=make_not_entrant pc=0x0000000002b69d54 method=java.lang.ThreadLocal$ThreadLocalMap.expungeStaleEntry(I)I @ 51
Event: 1886.818 Thread 0x000000005c1f6000 Uncommon trap: reason=unstable_if action=reinterpret pc=0x0000000003d29fa0 method=java.util.concurrent.ConcurrentHashMap.addCount(JI)V @ 34
Event: 1892.704 Thread 0x000000005c1f9800 Uncommon trap: reason=unstable_if action=reinterpret pc=0x000000000313a7f8 method=java.lang.ref.SoftReference.get()Ljava/lang/Object; @ 6
Event: 1892.704 Thread 0x000000005c1f9800 Uncommon trap: reason=unstable_if action=reinterpret pc=0x0000000002f8d0e4 method=java.lang.ref.SoftReference.get()Ljava/lang/Object; @ 6
Event: 1892.706 Thread 0x000000005c1f9800 Uncommon trap: reason=unstable_if action=reinterpret pc=0x0000000003808a38 method=java.lang.ref.SoftReference.get()Ljava/lang/Object; @ 6

Classes redefined (0 events):
No events

Internal exceptions (10 events):
Event: 1887.278 Thread 0x000000005c1f9800 Exception <a 'sun/nio/fs/WindowsException'> (0x00000000ebcdc788) thrown at [D:\src\AOSP-openjdk-cygwin\jdk8u\hotspot\src\share\vm\prims\jni.cpp, line 709]
Event: 1887.278 Thread 0x000000005c1f9800 Exception <a 'sun/nio/fs/WindowsException'> (0x00000000ebcdd430) thrown at [D:\src\AOSP-openjdk-cygwin\jdk8u\hotspot\src\share\vm\prims\jni.cpp, line 709]
Event: 1887.278 Thread 0x000000005c1f9800 Exception <a 'sun/nio/fs/WindowsException'> (0x00000000ebcdf110) thrown at [D:\src\AOSP-openjdk-cygwin\jdk8u\hotspot\src\share\vm\prims\jni.cpp, line 709]
Event: 1887.278 Thread 0x000000005c1f9800 Exception <a 'sun/nio/fs/WindowsException'> (0x00000000ebcdfdf8) thrown at [D:\src\AOSP-openjdk-cygwin\jdk8u\hotspot\src\share\vm\prims\jni.cpp, line 709]
Event: 1887.278 Thread 0x000000005c1f9800 Exception <a 'sun/nio/fs/WindowsException'> (0x00000000ebce2c18) thrown at [D:\src\AOSP-openjdk-cygwin\jdk8u\hotspot\src\share\vm\prims\jni.cpp, line 709]
Event: 1887.278 Thread 0x000000005c1f9800 Exception <a 'sun/nio/fs/WindowsException'> (0x00000000ebce38e8) thrown at [D:\src\AOSP-openjdk-cygwin\jdk8u\hotspot\src\share\vm\prims\jni.cpp, line 709]
Event: 1887.278 Thread 0x000000005c1f9800 Exception <a 'sun/nio/fs/WindowsException'> (0x00000000ebce55f0) thrown at [D:\src\AOSP-openjdk-cygwin\jdk8u\hotspot\src\share\vm\prims\jni.cpp, line 709]
Event: 1887.278 Thread 0x000000005c1f9800 Exception <a 'sun/nio/fs/WindowsException'> (0x00000000ebce6300) thrown at [D:\src\AOSP-openjdk-cygwin\jdk8u\hotspot\src\share\vm\prims\jni.cpp, line 709]
Event: 1892.703 Thread 0x000000005c1f9800 Implicit null exception at 0x000000000313a370 to 0x000000000313a7dd
Event: 1892.706 Thread 0x000000005c1f9800 Implicit null exception at 0x00000000038084b3 to 0x0000000003808a19

Events (10 events):
Event: 1892.706 Thread 0x000000005c1f9800 Uncommon trap: trap_request=0xffffff65 fr.pc=0x0000000003808a38
Event: 1892.706 Thread 0x000000005c1f9800 DEOPT PACKING pc=0x0000000003808a38 sp=0x0000000059eba210
Event: 1892.706 Thread 0x000000005c1f9800 DEOPT UNPACKING pc=0x0000000002a9556a sp=0x0000000059eba120 mode 2
Event: 1892.716 Thread 0x000000005699d000 flushing nmethod 0x00000000034275d0
Event: 1892.718 Thread 0x000000005699d000 flushing nmethod 0x000000000344fa10
Event: 1892.719 Thread 0x000000005699d000 flushing nmethod 0x0000000003579b10
Event: 1892.754 Thread 0x000000005699d000 flushing nmethod 0x00000000038a4050
Event: 1892.754 Thread 0x000000005699d000 flushing nmethod 0x00000000038a5010
Event: 1892.760 Executing VM operation: RevokeBias
Event: 1892.761 Executing VM operation: RevokeBias done


Dynamic libraries:
0x000000013fdd0000 - 0x000000013fe01000 	C:\Program Files\Android\Android Studio1\jre\bin\java.exe
0x0000000076cc0000 - 0x0000000076e6a000 	C:\Windows\SYSTEM32\ntdll.dll
0x0000000076aa0000 - 0x0000000076bbf000 	C:\Windows\system32\kernel32.dll
0x000007fefccb0000 - 0x000007fefcd1a000 	C:\Windows\system32\KERNELBASE.dll
0x000007fefd420000 - 0x000007fefd4fb000 	C:\Windows\system32\ADVAPI32.dll
0x000007fefe8a0000 - 0x000007fefe93f000 	C:\Windows\system32\msvcrt.dll
0x000007fefce10000 - 0x000007fefce2f000 	C:\Windows\SYSTEM32\sechost.dll
0x000007fefce30000 - 0x000007fefcf5d000 	C:\Windows\system32\RPCRT4.dll
0x0000000076bc0000 - 0x0000000076cba000 	C:\Windows\system32\USER32.dll
0x000007fefd3b0000 - 0x000007fefd417000 	C:\Windows\system32\GDI32.dll
0x000007fefd000000 - 0x000007fefd00e000 	C:\Windows\system32\LPK.dll
0x000007fefe6a0000 - 0x000007fefe76b000 	C:\Windows\system32\USP10.dll
0x000007fefae70000 - 0x000007fefb064000 	C:\Windows\WinSxS\amd64_microsoft.windows.common-controls_6595b64144ccf1df_6.0.7601.18837_none_fa3b1e3d17594757\COMCTL32.dll
0x000007fefd700000 - 0x000007fefd771000 	C:\Windows\system32\SHLWAPI.dll
0x000007fefe770000 - 0x000007fefe79e000 	C:\Windows\system32\IMM32.DLL
0x000007fefd240000 - 0x000007fefd349000 	C:\Windows\system32\MSCTF.dll
0x000007fef9c20000 - 0x000007fef9c5e000 	C:\Program Files (x86)\NCG\NcgSecurity64_v20140407.dll
0x0000000074220000 - 0x00000000742f2000 	C:\Program Files\Android\Android Studio1\jre\jre\bin\msvcr100.dll
0x000000006c5d0000 - 0x000000006ce0e000 	C:\Program Files\Android\Android Studio1\jre\jre\bin\server\jvm.dll
0x000007fefb540000 - 0x000007fefb549000 	C:\Windows\system32\WSOCK32.dll
0x000007fefd1f0000 - 0x000007fefd23d000 	C:\Windows\system32\WS2_32.dll
0x000007fefe9c0000 - 0x000007fefe9c8000 	C:\Windows\system32\NSI.dll
0x000007fef9d10000 - 0x000007fef9d4b000 	C:\Windows\system32\WINMM.dll
0x000007fefba90000 - 0x000007fefba9c000 	C:\Windows\system32\VERSION.dll
0x0000000076e80000 - 0x0000000076e87000 	C:\Windows\system32\PSAPI.DLL
0x000007fefb530000 - 0x000007fefb53f000 	C:\Program Files\Android\Android Studio1\jre\jre\bin\verify.dll
0x000007fef9310000 - 0x000007fef9339000 	C:\Program Files\Android\Android Studio1\jre\jre\bin\java.dll
0x000007fef92f0000 - 0x000007fef9306000 	C:\Program Files\Android\Android Studio1\jre\jre\bin\zip.dll
0x000007fefd910000 - 0x000007fefe69a000 	C:\Windows\system32\SHELL32.dll
0x0000000056760000 - 0x000000005695c000 	C:\Windows\system32\ole32.dll
0x000007fefc9b0000 - 0x000007fefc9bf000 	C:\Windows\system32\profapi.dll
0x000007fef92d0000 - 0x000007fef92ea000 	C:\Program Files\Android\Android Studio1\jre\jre\bin\net.dll
0x000007fefc0d0000 - 0x000007fefc125000 	C:\Windows\system32\mswsock.dll
0x000007fefc1d0000 - 0x000007fefc1d7000 	C:\Windows\System32\wship6.dll
0x000007fef92b0000 - 0x000007fef92c1000 	C:\Program Files\Android\Android Studio1\jre\jre\bin\nio.dll
0x000007fef7450000 - 0x000007fef746e000 	C:\Users\Seil\.gradle\native\25\windows-amd64\native-platform.dll
0x000007fef91f0000 - 0x000007fef91fd000 	C:\Program Files\Android\Android Studio1\jre\jre\bin\management.dll
0x000007fefc3d0000 - 0x000007fefc3e8000 	C:\Windows\system32\CRYPTSP.dll
0x000007fefbed0000 - 0x000007fefbf17000 	C:\Windows\system32\rsaenh.dll
0x000007fefcc90000 - 0x000007fefccae000 	C:\Windows\system32\USERENV.dll
0x000007fefc850000 - 0x000007fefc85f000 	C:\Windows\system32\CRYPTBASE.dll
0x000007feface0000 - 0x000007fefad07000 	C:\Windows\system32\IPHLPAPI.DLL
0x000007fefacd0000 - 0x000007fefacdb000 	C:\Windows\system32\WINNSI.DLL
0x000007fefaae0000 - 0x000007fefaaf8000 	C:\Windows\system32\dhcpcsvc.DLL
0x000007fefaa70000 - 0x000007fefaa81000 	C:\Windows\system32\dhcpcsvc6.DLL

VM Arguments:
jvm_args: -XX:+HeapDumpOnOutOfMemoryError -Xmx1024m -Dfile.encoding=x-windows-949 -Duser.country=KR -Duser.language=ko -Duser.variant 
java_command: org.gradle.launcher.daemon.bootstrap.GradleDaemon 4.1
java_class_path (initial): C:\Users\Seil\.gradle\wrapper\dists\gradle-4.1-all\bzyivzo6n839fup2jbap0tjew\gradle-4.1\lib\gradle-launcher-4.1.jar
Launcher Type: SUN_STANDARD

Environment Variables:
JAVA_HOME=C:\Program Files\Java\jdk1.8.0_144
CLASSPATH=C:\Program Files\Java\jdk1.8.0_144\lib;
PATH=C:\ProgramData\Oracle\Java\javapath;C:\Windows\system32;C:\Windows;C:\Windows\System32\Wbem;C:\Windows\System32\WindowsPowerShell\v1.0\;C:\Program Files (x86)\GtkSharp\2.12\bin;C:\Program Files\Java\jdk1.8.0_144\bin;C:\Program Files\openssl-0.9.8k\bin;C:\Program Files\PuTTY\;C:\Python34;C:\Program Files\Anaconda2;C:\Program Files\Anaconda2\Scripts;C:\Program Files\Anaconda2\Library\bin;C:\Program Files\nodejs\;C:\Program Files\Git\cmd;C:\Users\Seil\AppData\Local\GitHubDesktop\bin;C:\Users\Seil\AppData\Roaming\npm
USERNAME=Seil
OS=Windows_NT
PROCESSOR_IDENTIFIER=Intel64 Family 6 Model 61 Stepping 4, GenuineIntel



---------------  S Y S T E M  ---------------

OS: Windows 7 , 64 bit Build 7601 (6.1.7601.23915)

CPU:total 4 (initial active 4) (2 cores per cpu, 2 threads per core) family 6 model 61 stepping 4, cmov, cx8, fxsr, mmx, sse, sse2, sse3, ssse3, sse4.1, sse4.2, popcnt, avx, avx2, aes, clmul, erms, 3dnowpref, lzcnt, ht, tsc, tscinvbit, bmi1, bmi2, adx

Memory: 4k page, physical 4108492k(16492k free), swap 12663752k(5108k free)

vm_info: OpenJDK 64-Bit Server VM (25.152-b01) for windows-amd64 JRE (1.8.0_152-release-915-b01), built by "builder" with MS VC++ 10.0 (VS2010)

time: Sat Jun 13 16:53:39 2020
elapsed time: 1892 seconds (0d 0h 31m 32s)

